<?xml version="1.0" encoding="UTF-8"?>
<!-- Generated by org.testng.reporters.JUnitReportReporter -->
<testsuite skipped="0" hostname="DESKTOP-CRFERR4" name="qaclickacademy.SeleniumTest" tests="2" failures="0" timestamp="2019-10-03T22:17:18 AEST" time="0.011" errors="0">
  <testcase name="BrowserAutomation" time="0.011" classname="qaclickacademy.SeleniumTest"/>
  <testcase name="ElementUI" time="0.000" classname="qaclickacademy.SeleniumTest"/>
</testsuite> <!-- qaclickacademy.SeleniumTest -->
